# JRE version: OpenJDK Runtime Environment Temurin-25.0.3+9 (25.0.3+9) (build 25.0.3+9-LTS)
# Java VM: OpenJDK 64-Bit Server VM Temurin-25.0.3+9 (25.0.3+9-LTS, mixed mode, sharing, tiered, compressed oops, compressed class ptrs, g1 gc, windows-amd64)
GC Precious Log:
 CardTable entry size: 512
 Card Set container configuration: InlinePtr #cards 5 size 8 Array Of Cards #cards 10 size 36 Howl #buckets 4 coarsen threshold 1843 Howl Bitmap #cards 512 size 80 coarsen threshold 460 Card regions per heap region 1 cards per card region 2048
 CPUs: 4 total, 4 available
 Memory: 3857M
 Large Page Support: Disabled
 NUMA Support: Disabled
 Compressed Oops: Enabled (32-bit)
 Heap Region Size: 1M
 Heap Min Capacity: 8M
 Heap Initial Capacity: 62M
 Heap Max Capacity: 966M
 Pre-touch: Disabled
 Parallel Workers: 4
 Concurrent Workers: 1
 Concurrent Refinement Workers: 4
 Periodic GC: Disabled
Heap:
 garbage-first heap   total reserved 989184K, committed 87040K, used 54727K [0x00000000c3a00000, 0x0000000100000000)
  region size 1024K, 38 young (38912K), 3 survivors (3072K)
GC Heap Usage History (18 events):
Event: 1.183 {heap Before GC invocations=0 (full 0):
 garbage-first heap   total reserved 989184K, committed 65536K, used 29842K [0x00000000c3a00000, 0x0000000100000000)
  region size 1024K, 28 young (28672K), 0 survivors (0K)
}
Event: 1.193 {heap After GC invocations=1 (full 0):
 garbage-first heap   total reserved 989184K, committed 65536K, used 4370K [0x00000000c3a00000, 0x0000000100000000)
  region size 1024K, 4 young (4096K), 4 survivors (4096K)
}
Event: 2.266 {heap Before GC invocations=1 (full 0):
 garbage-first heap   total reserved 989184K, committed 65536K, used 30994K [0x00000000c3a00000, 0x0000000100000000)
  region size 1024K, 30 young (30720K), 4 survivors (4096K)
}
Event: 2.275 {heap After GC invocations=2 (full 0):
 garbage-first heap   total reserved 989184K, committed 65536K, used 5938K [0x00000000c3a00000, 0x0000000100000000)
  region size 1024K, 2 young (2048K), 2 survivors (2048K)
}
Event: 4.685 {heap Before GC invocations=2 (full 0):
 garbage-first heap   total reserved 989184K, committed 65536K, used 37682K [0x00000000c3a00000, 0x0000000100000000)
  region size 1024K, 33 young (33792K), 2 survivors (2048K)
}
Event: 4.699 {heap After GC invocations=3 (full 0):
 garbage-first heap   total reserved 989184K, committed 65536K, used 9491K [0x00000000c3a00000, 0x0000000100000000)
  region size 1024K, 5 young (5120K), 5 survivors (5120K)
}
Event: 5.903 {heap Before GC invocations=3 (full 0):
 garbage-first heap   total reserved 989184K, committed 65536K, used 42259K [0x00000000c3a00000, 0x0000000100000000)
  region size 1024K, 37 young (37888K), 5 survivors (5120K)
}
Event: 5.924 {heap After GC invocations=4 (full 0):
 garbage-first heap   total reserved 989184K, committed 65536K, used 13866K [0x00000000c3a00000, 0x0000000100000000)
  region size 1024K, 5 young (5120K), 5 survivors (5120K)
}
Event: 7.948 {heap Before GC invocations=4 (full 0):
 garbage-first heap   total reserved 989184K, committed 65536K, used 46634K [0x00000000c3a00000, 0x0000000100000000)
  region size 1024K, 37 young (37888K), 5 survivors (5120K)
}
Event: 7.959 {heap After GC invocations=5 (full 0):
 garbage-first heap   total reserved 989184K, committed 65536K, used 16084K [0x00000000c3a00000, 0x0000000100000000)
  region size 1024K, 2 young (2048K), 2 survivors (2048K)
}
Event: 10.037 {heap Before GC invocations=5 (full 0):
 garbage-first heap   total reserved 989184K, committed 65536K, used 49876K [0x00000000c3a00000, 0x0000000100000000)
  region size 1024K, 35 young (35840K), 2 survivors (2048K)
}
Event: 10.042 {heap After GC invocations=6 (full 0):
 garbage-first heap   total reserved 989184K, committed 65536K, used 16883K [0x00000000c3a00000, 0x0000000100000000)
  region size 1024K, 3 young (3072K), 3 survivors (3072K)
}
Event: 10.333 {heap Before GC invocations=6 (full 0):
 garbage-first heap   total reserved 989184K, committed 65536K, used 32243K [0x00000000c3a00000, 0x0000000100000000)
  region size 1024K, 11 young (11264K), 3 survivors (3072K)
}
Event: 10.368 {heap After GC invocations=7 (full 0):
 garbage-first heap   total reserved 989184K, committed 65536K, used 25929K [0x00000000c3a00000, 0x0000000100000000)
  region size 1024K, 4 young (4096K), 4 survivors (4096K)
}
Event: 10.371 {heap Before GC invocations=7 (full 0):
 garbage-first heap   total reserved 989184K, committed 65536K, used 38217K [0x00000000c3a00000, 0x0000000100000000)
  region size 1024K, 5 young (5120K), 4 survivors (4096K)
}
Event: 10.377 {heap After GC invocations=8 (full 0):
 garbage-first heap   total reserved 989184K, committed 65536K, used 38035K [0x00000000c3a00000, 0x0000000100000000)
  region size 1024K, 2 young (2048K), 2 survivors (2048K)
}
Event: 11.764 {heap Before GC invocations=9 (full 0):
 garbage-first heap   total reserved 989184K, committed 87040K, used 69779K [0x00000000c3a00000, 0x0000000100000000)
  region size 1024K, 21 young (21504K), 2 survivors (2048K)
}
Event: 11.770 {heap After GC invocations=10 (full 0):
 garbage-first heap   total reserved 989184K, committed 87040K, used 18887K [0x00000000c3a00000, 0x0000000100000000)
  region size 1024K, 3 young (3072K), 3 survivors (3072K)
}

