# JRE version: OpenJDK Runtime Environment Temurin-21.0.10+7 (21.0.10+7) (build 21.0.10+7-LTS)
# Java VM: OpenJDK 64-Bit Server VM Temurin-21.0.10+7 (21.0.10+7-LTS, mixed mode, sharing, tiered, compressed oops, compressed class ptrs, parallel gc, windows-amd64)
GC Precious Log:
 CardTable entry size: 512
 CPUs: 4 total, 4 available
 Memory: 3857M
 Large Page Support: Disabled
 NUMA Support: Disabled
 Compressed Oops: Enabled (32-bit)
 Alignments: Space 512K, Generation 512K, Heap 2M
 Heap Min Capacity: 100M
 Heap Initial Capacity: 100M
 Heap Max Capacity: 2G
 Pre-touch: Disabled
 Parallel Workers: 4
Heap:
 PSYoungGen      total 3584K, used 2543K [0x00000000d5580000, 0x00000000d5a00000, 0x0000000100000000)
  eden space 3072K, 73% used [0x00000000d5580000,0x00000000d57b3e80,0x00000000d5880000)
  from space 512K, 56% used [0x00000000d5980000,0x00000000d59c8000,0x00000000d5a00000)
  to   space 512K, 0% used [0x00000000d5900000,0x00000000d5900000,0x00000000d5980000)
 ParOldGen       total 130560K, used 130210K [0x0000000080000000, 0x0000000087f80000, 0x00000000d5580000)
  object space 130560K, 99% used [0x0000000080000000,0x0000000087f28940,0x0000000087f80000)
 Metaspace       used 66174K, committed 67648K, reserved 1114112K
  class space    used 6789K, committed 7424K, reserved 1048576K
GC Heap History (20 events):
Event: 109.841 GC heap before
{Heap before GC invocations=220 (full 3):
 PSYoungGen      total 3584K, used 3504K [0x00000000d5580000, 0x00000000d5a00000, 0x0000000100000000)
  eden space 3072K, 100% used [0x00000000d5580000,0x00000000d5880000,0x00000000d5880000)
  from space 512K, 84% used [0x00000000d5980000,0x00000000d59ec010,0x00000000d5a00000)
  to   space 512K, 0% used [0x00000000d5900000,0x00000000d5900000,0x00000000d5980000)
 ParOldGen       total 125952K, used 125599K [0x0000000080000000, 0x0000000087b00000, 0x00000000d5580000)
  object space 125952K, 99% used [0x0000000080000000,0x0000000087aa7c78,0x0000000087b00000)
 Metaspace       used 66121K, committed 67648K, reserved 1114112K
  class space    used 6787K, committed 7424K, reserved 1048576K
}
Event: 109.846 GC heap after
{Heap after GC invocations=220 (full 3):
 PSYoungGen      total 3584K, used 448K [0x00000000d5580000, 0x00000000d5a00000, 0x0000000100000000)
  eden space 3072K, 0% used [0x00000000d5580000,0x00000000d5580000,0x00000000d5880000)
  from space 512K, 87% used [0x00000000d5900000,0x00000000d5970000,0x00000000d5980000)
  to   space 512K, 0% used [0x00000000d5980000,0x00000000d5980000,0x00000000d5a00000)
 ParOldGen       total 126464K, used 126007K [0x0000000080000000, 0x0000000087b80000, 0x00000000d5580000)
  object space 126464K, 99% used [0x0000000080000000,0x0000000087b0dc88,0x0000000087b80000)
 Metaspace       used 66121K, committed 67648K, reserved 1114112K
  class space    used 6787K, committed 7424K, reserved 1048576K
}
Event: 110.212 GC heap before
{Heap before GC invocations=221 (full 3):
 PSYoungGen      total 3584K, used 3520K [0x00000000d5580000, 0x00000000d5a00000, 0x0000000100000000)
  eden space 3072K, 100% used [0x00000000d5580000,0x00000000d5880000,0x00000000d5880000)
  from space 512K, 87% used [0x00000000d5900000,0x00000000d5970000,0x00000000d5980000)
  to   space 512K, 0% used [0x00000000d5980000,0x00000000d5980000,0x00000000d5a00000)
 ParOldGen       total 126464K, used 126007K [0x0000000080000000, 0x0000000087b80000, 0x00000000d5580000)
  object space 126464K, 99% used [0x0000000080000000,0x0000000087b0dc88,0x0000000087b80000)
 Metaspace       used 66142K, committed 67648K, reserved 1114112K
  class space    used 6787K, committed 7424K, reserved 1048576K
}
Event: 110.215 GC heap after
{Heap after GC invocations=221 (full 3):
 PSYoungGen      total 3584K, used 500K [0x00000000d5580000, 0x00000000d5a80000, 0x0000000100000000)
  eden space 3072K, 0% used [0x00000000d5580000,0x00000000d5580000,0x00000000d5880000)
  from space 512K, 97% used [0x00000000d5980000,0x00000000d59fd200,0x00000000d5a00000)
  to   space 1024K, 0% used [0x00000000d5880000,0x00000000d5880000,0x00000000d5980000)
 ParOldGen       total 126464K, used 126399K [0x0000000080000000, 0x0000000087b80000, 0x00000000d5580000)
  object space 126464K, 99% used [0x0000000080000000,0x0000000087b6fc88,0x0000000087b80000)
 Metaspace       used 66142K, committed 67648K, reserved 1114112K
  class space    used 6787K, committed 7424K, reserved 1048576K
}
Event: 110.272 GC heap before
{Heap before GC invocations=222 (full 3):
 PSYoungGen      total 3584K, used 3572K [0x00000000d5580000, 0x00000000d5a80000, 0x0000000100000000)
  eden space 3072K, 100% used [0x00000000d5580000,0x00000000d5880000,0x00000000d5880000)
  from space 512K, 97% used [0x00000000d5980000,0x00000000d59fd200,0x00000000d5a00000)
  to   space 1024K, 0% used [0x00000000d5880000,0x00000000d5880000,0x00000000d5980000)
 ParOldGen       total 126464K, used 126399K [0x0000000080000000, 0x0000000087b80000, 0x00000000d5580000)
  object space 126464K, 99% used [0x0000000080000000,0x0000000087b6fc88,0x0000000087b80000)
 Metaspace       used 66145K, committed 67648K, reserved 1114112K
  class space    used 6788K, committed 7424K, reserved 1048576K
}
Event: 110.274 GC heap after
{Heap after GC invocations=222 (full 3):
 PSYoungGen      total 4096K, used 484K [0x00000000d5580000, 0x00000000d5a80000, 0x0000000100000000)
  eden space 3072K, 0% used [0x00000000d5580000,0x00000000d5580000,0x00000000d5880000)
  from space 1024K, 47% used [0x00000000d5880000,0x00000000d58f9210,0x00000000d5980000)
  to   space 1024K, 0% used [0x00000000d5980000,0x00000000d5980000,0x00000000d5a80000)
 ParOldGen       total 126976K, used 126873K [0x0000000080000000, 0x0000000087c00000, 0x00000000d5580000)
  object space 126976K, 99% used [0x0000000080000000,0x0000000087be6618,0x0000000087c00000)
 Metaspace       used 66145K, committed 67648K, reserved 1114112K
  class space    used 6788K, committed 7424K, reserved 1048576K
}
Event: 110.306 GC heap before
{Heap before GC invocations=223 (full 3):
 PSYoungGen      total 4096K, used 3556K [0x00000000d5580000, 0x00000000d5a80000, 0x0000000100000000)
  eden space 3072K, 100% used [0x00000000d5580000,0x00000000d5880000,0x00000000d5880000)
  from space 1024K, 47% used [0x00000000d5880000,0x00000000d58f9210,0x00000000d5980000)
  to   space 1024K, 0% used [0x00000000d5980000,0x00000000d5980000,0x00000000d5a80000)
 ParOldGen       total 126976K, used 126873K [0x0000000080000000, 0x0000000087c00000, 0x00000000d5580000)
  object space 126976K, 99% used [0x0000000080000000,0x0000000087be6618,0x0000000087c00000)
 Metaspace       used 66146K, committed 67648K, reserved 1114112K
  class space    used 6788K, committed 7424K, reserved 1048576K
}
Event: 110.309 GC heap after
{Heap after GC invocations=223 (full 3):
 PSYoungGen      total 3584K, used 384K [0x00000000d5580000, 0x00000000d5a00000, 0x0000000100000000)
  eden space 3072K, 0% used [0x00000000d5580000,0x00000000d5580000,0x00000000d5880000)
  from space 512K, 75% used [0x00000000d5980000,0x00000000d59e0000,0x00000000d5a00000)
  to   space 512K, 0% used [0x00000000d5900000,0x00000000d5900000,0x00000000d5980000)
 ParOldGen       total 127488K, used 127270K [0x0000000080000000, 0x0000000087c80000, 0x00000000d5580000)
  object space 127488K, 99% used [0x0000000080000000,0x0000000087c49828,0x0000000087c80000)
 Metaspace       used 66146K, committed 67648K, reserved 1114112K
  class space    used 6788K, committed 7424K, reserved 1048576K
}
Event: 110.506 GC heap before
{Heap before GC invocations=224 (full 3):
 PSYoungGen      total 3584K, used 3456K [0x00000000d5580000, 0x00000000d5a00000, 0x0000000100000000)
  eden space 3072K, 100% used [0x00000000d5580000,0x00000000d5880000,0x00000000d5880000)
  from space 512K, 75% used [0x00000000d5980000,0x00000000d59e0000,0x00000000d5a00000)
  to   space 512K, 0% used [0x00000000d5900000,0x00000000d5900000,0x00000000d5980000)
 ParOldGen       total 127488K, used 127270K [0x0000000080000000, 0x0000000087c80000, 0x00000000d5580000)
  object space 127488K, 99% used [0x0000000080000000,0x0000000087c49828,0x0000000087c80000)
 Metaspace       used 66148K, committed 67648K, reserved 1114112K
  class space    used 6788K, committed 7424K, reserved 1048576K
}
Event: 110.509 GC heap after
{Heap after GC invocations=224 (full 3):
 PSYoungGen      total 3584K, used 484K [0x00000000d5580000, 0x00000000d5b80000, 0x0000000100000000)
  eden space 3072K, 0% used [0x00000000d5580000,0x00000000d5580000,0x00000000d5880000)
  from space 512K, 94% used [0x00000000d5900000,0x00000000d5979210,0x00000000d5980000)
  to   space 1536K, 0% used [0x00000000d5a00000,0x00000000d5a00000,0x00000000d5b80000)
 ParOldGen       total 128000K, used 127750K [0x0000000080000000, 0x0000000087d00000, 0x00000000d5580000)
  object space 128000K, 99% used [0x0000000080000000,0x0000000087cc1828,0x0000000087d00000)
 Metaspace       used 66148K, committed 67648K, reserved 1114112K
  class space    used 6788K, committed 7424K, reserved 1048576K
}
Event: 110.556 GC heap before
{Heap before GC invocations=225 (full 3):
 PSYoungGen      total 3584K, used 3556K [0x00000000d5580000, 0x00000000d5b80000, 0x0000000100000000)
  eden space 3072K, 100% used [0x00000000d5580000,0x00000000d5880000,0x00000000d5880000)
  from space 512K, 94% used [0x00000000d5900000,0x00000000d5979210,0x00000000d5980000)
  to   space 1536K, 0% used [0x00000000d5a00000,0x00000000d5a00000,0x00000000d5b80000)
 ParOldGen       total 128000K, used 127750K [0x0000000080000000, 0x0000000087d00000, 0x00000000d5580000)
  object space 128000K, 99% used [0x0000000080000000,0x0000000087cc1828,0x0000000087d00000)
 Metaspace       used 66148K, committed 67648K, reserved 1114112K
  class space    used 6788K, committed 7424K, reserved 1048576K
}
Event: 110.559 GC heap after
{Heap after GC invocations=225 (full 3):
 PSYoungGen      total 3584K, used 416K [0x00000000d5580000, 0x00000000d5a80000, 0x0000000100000000)
  eden space 3072K, 0% used [0x00000000d5580000,0x00000000d5580000,0x00000000d5880000)
  from space 512K, 81% used [0x00000000d5a00000,0x00000000d5a681f8,0x00000000d5a80000)
  to   space 1024K, 0% used [0x00000000d5880000,0x00000000d5880000,0x00000000d5980000)
 ParOldGen       total 128512K, used 128250K [0x0000000080000000, 0x0000000087d80000, 0x00000000d5580000)
  object space 128512K, 99% used [0x0000000080000000,0x0000000087d3ea38,0x0000000087d80000)
 Metaspace       used 66148K, committed 67648K, reserved 1114112K
  class space    used 6788K, committed 7424K, reserved 1048576K
}
Event: 110.598 GC heap before
{Heap before GC invocations=226 (full 3):
 PSYoungGen      total 3584K, used 3488K [0x00000000d5580000, 0x00000000d5a80000, 0x0000000100000000)
  eden space 3072K, 100% used [0x00000000d5580000,0x00000000d5880000,0x00000000d5880000)
  from space 512K, 81% used [0x00000000d5a00000,0x00000000d5a681f8,0x00000000d5a80000)
  to   space 1024K, 0% used [0x00000000d5880000,0x00000000d5880000,0x00000000d5980000)
 ParOldGen       total 128512K, used 128250K [0x0000000080000000, 0x0000000087d80000, 0x00000000d5580000)
  object space 128512K, 99% used [0x0000000080000000,0x0000000087d3ea38,0x0000000087d80000)
 Metaspace       used 66148K, committed 67648K, reserved 1114112K
  class space    used 6788K, committed 7424K, reserved 1048576K
}
Event: 110.601 GC heap after
{Heap after GC invocations=226 (full 3):
 PSYoungGen      total 4096K, used 516K [0x00000000d5580000, 0x00000000d5a80000, 0x0000000100000000)
  eden space 3072K, 0% used [0x00000000d5580000,0x00000000d5580000,0x00000000d5880000)
  from space 1024K, 50% used [0x00000000d5880000,0x00000000d5901220,0x00000000d5980000)
  to   space 1024K, 0% used [0x00000000d5980000,0x00000000d5980000,0x00000000d5a80000)
 ParOldGen       total 129024K, used 128603K [0x0000000080000000, 0x0000000087e00000, 0x00000000d5580000)
  object space 129024K, 99% used [0x0000000080000000,0x0000000087d96d98,0x0000000087e00000)
 Metaspace       used 66148K, committed 67648K, reserved 1114112K
  class space    used 6788K, committed 7424K, reserved 1048576K
}
Event: 110.763 GC heap before
{Heap before GC invocations=227 (full 3):
 PSYoungGen      total 4096K, used 3588K [0x00000000d5580000, 0x00000000d5a80000, 0x0000000100000000)
  eden space 3072K, 100% used [0x00000000d5580000,0x00000000d5880000,0x00000000d5880000)
  from space 1024K, 50% used [0x00000000d5880000,0x00000000d5901220,0x00000000d5980000)
  to   space 1024K, 0% used [0x00000000d5980000,0x00000000d5980000,0x00000000d5a80000)
 ParOldGen       total 129024K, used 128603K [0x0000000080000000, 0x0000000087e00000, 0x00000000d5580000)
  object space 129024K, 99% used [0x0000000080000000,0x0000000087d96d98,0x0000000087e00000)
 Metaspace       used 66159K, committed 67648K, reserved 1114112K
  class space    used 6789K, committed 7424K, reserved 1048576K
}
Event: 110.767 GC heap after
{Heap after GC invocations=227 (full 3):
 PSYoungGen      total 4096K, used 708K [0x00000000d5580000, 0x00000000d5a80000, 0x0000000100000000)
  eden space 3072K, 0% used [0x00000000d5580000,0x00000000d5580000,0x00000000d5880000)
  from space 1024K, 69% used [0x00000000d5980000,0x00000000d5a312b0,0x00000000d5a80000)
  to   space 1024K, 0% used [0x00000000d5880000,0x00000000d5880000,0x00000000d5980000)
 ParOldGen       total 129536K, used 129105K [0x0000000080000000, 0x0000000087e80000, 0x00000000d5580000)
  object space 129536K, 99% used [0x0000000080000000,0x0000000087e14458,0x0000000087e80000)
 Metaspace       used 66159K, committed 67648K, reserved 1114112K
  class space    used 6789K, committed 7424K, reserved 1048576K
}
Event: 110.791 GC heap before
{Heap before GC invocations=228 (full 3):
 PSYoungGen      total 4096K, used 3780K [0x00000000d5580000, 0x00000000d5a80000, 0x0000000100000000)
  eden space 3072K, 100% used [0x00000000d5580000,0x00000000d5880000,0x00000000d5880000)
  from space 1024K, 69% used [0x00000000d5980000,0x00000000d5a312b0,0x00000000d5a80000)
  to   space 1024K, 0% used [0x00000000d5880000,0x00000000d5880000,0x00000000d5980000)
 ParOldGen       total 129536K, used 129105K [0x0000000080000000, 0x0000000087e80000, 0x00000000d5580000)
  object space 129536K, 99% used [0x0000000080000000,0x0000000087e14458,0x0000000087e80000)
 Metaspace       used 66159K, committed 67648K, reserved 1114112K
  class space    used 6789K, committed 7424K, reserved 1048576K
}
Event: 110.794 GC heap after
{Heap after GC invocations=228 (full 3):
 PSYoungGen      total 4096K, used 500K [0x00000000d5580000, 0x00000000d5a80000, 0x0000000100000000)
  eden space 3072K, 0% used [0x00000000d5580000,0x00000000d5580000,0x00000000d5880000)
  from space 1024K, 48% used [0x00000000d5880000,0x00000000d58fd200,0x00000000d5980000)
  to   space 1024K, 0% used [0x00000000d5980000,0x00000000d5980000,0x00000000d5a80000)
 ParOldGen       total 130048K, used 129752K [0x0000000080000000, 0x0000000087f00000, 0x00000000d5580000)
  object space 130048K, 99% used [0x0000000080000000,0x0000000087eb6068,0x0000000087f00000)
 Metaspace       used 66159K, committed 67648K, reserved 1114112K
  class space    used 6789K, committed 7424K, reserved 1048576K
}
Event: 110.815 GC heap before
{Heap before GC invocations=229 (full 3):
 PSYoungGen      total 4096K, used 3572K [0x00000000d5580000, 0x00000000d5a80000, 0x0000000100000000)
  eden space 3072K, 100% used [0x00000000d5580000,0x00000000d5880000,0x00000000d5880000)
  from space 1024K, 48% used [0x00000000d5880000,0x00000000d58fd200,0x00000000d5980000)
  to   space 1024K, 0% used [0x00000000d5980000,0x00000000d5980000,0x00000000d5a80000)
 ParOldGen       total 130048K, used 129752K [0x0000000080000000, 0x0000000087f00000, 0x00000000d5580000)
  object space 130048K, 99% used [0x0000000080000000,0x0000000087eb6068,0x0000000087f00000)
 Metaspace       used 66165K, committed 67648K, reserved 1114112K
  class space    used 6789K, committed 7424K, reserved 1048576K
}
Event: 110.818 GC heap after
{Heap after GC invocations=229 (full 3):
 PSYoungGen      total 3584K, used 288K [0x00000000d5580000, 0x00000000d5a00000, 0x0000000100000000)
  eden space 3072K, 0% used [0x00000000d5580000,0x00000000d5580000,0x00000000d5880000)
  from space 512K, 56% used [0x00000000d5980000,0x00000000d59c8000,0x00000000d5a00000)
  to   space 512K, 0% used [0x00000000d5900000,0x00000000d5900000,0x00000000d5980000)
 ParOldGen       total 130560K, used 130210K [0x0000000080000000, 0x0000000087f80000, 0x00000000d5580000)
  object space 130560K, 99% used [0x0000000080000000,0x0000000087f28940,0x0000000087f80000)
 Metaspace       used 66165K, committed 67648K, reserved 1114112K
  class space    used 6789K, committed 7424K, reserved 1048576K
}

