# JRE version: Java(TM) SE Runtime Environment (21.0.7+8) (build 21.0.7+8-LTS-245)
# Java VM: Java HotSpot(TM) 64-Bit Server VM (21.0.7+8-LTS-245, mixed mode, sharing, tiered, compressed oops, compressed class ptrs, g1 gc, windows-amd64)
GC Precious Log:
 CardTable entry size: 512
 Card Set container configuration: InlinePtr #cards 5 size 8 Array Of Cards #cards 12 size 40 Howl #buckets 4 coarsen threshold 1843 Howl Bitmap #cards 512 size 80 coarsen threshold 460 Card regions per heap region 1 cards per card region 2048
 CPUs: 4 total, 4 available
 Memory: 3857M
 Large Page Support: Disabled
 NUMA Support: Disabled
 Compressed Oops: Enabled (32-bit)
 Heap Region Size: 1M
 Heap Min Capacity: 8M
 Heap Initial Capacity: 62M
 Heap Max Capacity: 966M
 Pre-touch: Disabled
 Parallel Workers: 4
 Concurrent Workers: 1
 Concurrent Refinement Workers: 4
 Periodic GC: Disabled
Heap:
 garbage-first heap   total 55296K, used 43666K [0x00000000c3a00000, 0x0000000100000000)
  region size 1024K, 17 young (17408K), 3 survivors (3072K)
 Metaspace       used 76636K, committed 77376K, reserved 1179648K
  class space    used 10372K, committed 10688K, reserved 1048576K
GC Heap History (20 events):
Event: 12.811 GC heap before
{Heap before GC invocations=7 (full 0):
 garbage-first heap   total 55296K, used 44233K [0x00000000c3a00000, 0x0000000100000000)
  region size 1024K, 30 young (30720K), 4 survivors (4096K)
 Metaspace       used 29901K, committed 30336K, reserved 1114112K
  class space    used 3833K, committed 4032K, reserved 1048576K
}
Event: 12.819 GC heap after
{Heap after GC invocations=8 (full 0):
 garbage-first heap   total 55296K, used 19304K [0x00000000c3a00000, 0x0000000100000000)
  region size 1024K, 2 young (2048K), 2 survivors (2048K)
 Metaspace       used 29901K, committed 30336K, reserved 1114112K
  class space    used 3833K, committed 4032K, reserved 1048576K
}
Event: 14.409 GC heap before
{Heap before GC invocations=8 (full 0):
 garbage-first heap   total 55296K, used 45928K [0x00000000c3a00000, 0x0000000100000000)
  region size 1024K, 28 young (28672K), 2 survivors (2048K)
 Metaspace       used 35552K, committed 36160K, reserved 1114112K
  class space    used 4586K, committed 4864K, reserved 1048576K
}
Event: 14.420 GC heap after
{Heap after GC invocations=9 (full 0):
 garbage-first heap   total 55296K, used 21936K [0x00000000c3a00000, 0x0000000100000000)
  region size 1024K, 4 young (4096K), 4 survivors (4096K)
 Metaspace       used 35552K, committed 36160K, reserved 1114112K
  class space    used 4586K, committed 4864K, reserved 1048576K
}
Event: 14.475 GC heap before
{Heap before GC invocations=9 (full 0):
 garbage-first heap   total 55296K, used 25008K [0x00000000c3a00000, 0x0000000100000000)
  region size 1024K, 9 young (9216K), 4 survivors (4096K)
 Metaspace       used 35591K, committed 36160K, reserved 1114112K
  class space    used 4593K, committed 4864K, reserved 1048576K
}
Event: 14.488 GC heap after
{Heap after GC invocations=10 (full 0):
 garbage-first heap   total 55296K, used 22619K [0x00000000c3a00000, 0x0000000100000000)
  region size 1024K, 1 young (1024K), 1 survivors (1024K)
 Metaspace       used 35591K, committed 36160K, reserved 1114112K
  class space    used 4593K, committed 4864K, reserved 1048576K
}
Event: 16.119 GC heap before
{Heap before GC invocations=11 (full 0):
 garbage-first heap   total 55296K, used 46171K [0x00000000c3a00000, 0x0000000100000000)
  region size 1024K, 25 young (25600K), 1 survivors (1024K)
 Metaspace       used 41278K, committed 41856K, reserved 1114112K
  class space    used 5370K, committed 5632K, reserved 1048576K
}
Event: 16.125 GC heap after
{Heap after GC invocations=12 (full 0):
 garbage-first heap   total 55296K, used 24098K [0x00000000c3a00000, 0x0000000100000000)
  region size 1024K, 2 young (2048K), 2 survivors (2048K)
 Metaspace       used 41278K, committed 41856K, reserved 1114112K
  class space    used 5370K, committed 5632K, reserved 1048576K
}
Event: 17.289 GC heap before
{Heap before GC invocations=12 (full 0):
 garbage-first heap   total 55296K, used 48674K [0x00000000c3a00000, 0x0000000100000000)
  region size 1024K, 26 young (26624K), 2 survivors (2048K)
 Metaspace       used 46543K, committed 47168K, reserved 1114112K
  class space    used 6338K, committed 6592K, reserved 1048576K
}
Event: 17.298 GC heap after
{Heap after GC invocations=13 (full 0):
 garbage-first heap   total 55296K, used 25768K [0x00000000c3a00000, 0x0000000100000000)
  region size 1024K, 4 young (4096K), 4 survivors (4096K)
 Metaspace       used 46543K, committed 47168K, reserved 1114112K
  class space    used 6338K, committed 6592K, reserved 1048576K
}
Event: 19.146 GC heap before
{Heap before GC invocations=13 (full 0):
 garbage-first heap   total 55296K, used 45224K [0x00000000c3a00000, 0x0000000100000000)
  region size 1024K, 24 young (24576K), 4 survivors (4096K)
 Metaspace       used 53243K, committed 53888K, reserved 1114112K
  class space    used 7133K, committed 7424K, reserved 1048576K
}
Event: 19.157 GC heap after
{Heap after GC invocations=14 (full 0):
 garbage-first heap   total 55296K, used 27033K [0x00000000c3a00000, 0x0000000100000000)
  region size 1024K, 2 young (2048K), 2 survivors (2048K)
 Metaspace       used 53243K, committed 53888K, reserved 1114112K
  class space    used 7133K, committed 7424K, reserved 1048576K
}
Event: 20.306 GC heap before
{Heap before GC invocations=14 (full 0):
 garbage-first heap   total 55296K, used 47513K [0x00000000c3a00000, 0x0000000100000000)
  region size 1024K, 23 young (23552K), 2 survivors (2048K)
 Metaspace       used 57990K, committed 58560K, reserved 1114112K
  class space    used 7694K, committed 7936K, reserved 1048576K
}
Event: 20.325 GC heap after
{Heap after GC invocations=15 (full 0):
 garbage-first heap   total 55296K, used 28129K [0x00000000c3a00000, 0x0000000100000000)
  region size 1024K, 3 young (3072K), 3 survivors (3072K)
 Metaspace       used 57990K, committed 58560K, reserved 1114112K
  class space    used 7694K, committed 7936K, reserved 1048576K
}
Event: 21.733 GC heap before
{Heap before GC invocations=16 (full 0):
 garbage-first heap   total 55296K, used 47585K [0x00000000c3a00000, 0x0000000100000000)
  region size 1024K, 22 young (22528K), 3 survivors (3072K)
 Metaspace       used 64073K, committed 64704K, reserved 1114112K
  class space    used 8675K, committed 8960K, reserved 1048576K
}
Event: 21.740 GC heap after
{Heap after GC invocations=17 (full 0):
 garbage-first heap   total 55296K, used 28830K [0x00000000c3a00000, 0x0000000100000000)
  region size 1024K, 2 young (2048K), 2 survivors (2048K)
 Metaspace       used 64073K, committed 64704K, reserved 1114112K
  class space    used 8675K, committed 8960K, reserved 1048576K
}
Event: 23.012 GC heap before
{Heap before GC invocations=17 (full 0):
 garbage-first heap   total 55296K, used 48286K [0x00000000c3a00000, 0x0000000100000000)
  region size 1024K, 21 young (21504K), 2 survivors (2048K)
 Metaspace       used 68800K, committed 69440K, reserved 1114112K
  class space    used 9361K, committed 9664K, reserved 1048576K
}
Event: 23.023 GC heap after
{Heap after GC invocations=18 (full 0):
 garbage-first heap   total 55296K, used 30096K [0x00000000c3a00000, 0x0000000100000000)
  region size 1024K, 3 young (3072K), 3 survivors (3072K)
 Metaspace       used 68800K, committed 69440K, reserved 1114112K
  class space    used 9361K, committed 9664K, reserved 1048576K
}
Event: 24.835 GC heap before
{Heap before GC invocations=18 (full 0):
 garbage-first heap   total 55296K, used 46480K [0x00000000c3a00000, 0x0000000100000000)
  region size 1024K, 19 young (19456K), 3 survivors (3072K)
 Metaspace       used 73218K, committed 73920K, reserved 1114112K
  class space    used 9905K, committed 10240K, reserved 1048576K
}
Event: 24.893 GC heap after
{Heap after GC invocations=19 (full 0):
 garbage-first heap   total 55296K, used 31378K [0x00000000c3a00000, 0x0000000100000000)
  region size 1024K, 3 young (3072K), 3 survivors (3072K)
 Metaspace       used 73218K, committed 73920K, reserved 1114112K
  class space    used 9905K, committed 10240K, reserved 1048576K
}

