# JRE version: OpenJDK Runtime Environment Temurin-21.0.10+7 (21.0.10+7) (build 21.0.10+7-LTS)
# Java VM: OpenJDK 64-Bit Server VM Temurin-21.0.10+7 (21.0.10+7-LTS, mixed mode, sharing, tiered, compressed oops, compressed class ptrs, parallel gc, windows-amd64)
GC Precious Log:
 CardTable entry size: 512
 CPUs: 4 total, 4 available
 Memory: 3857M
 Large Page Support: Disabled
 NUMA Support: Disabled
 Compressed Oops: Enabled (32-bit)
 Alignments: Space 512K, Generation 512K, Heap 2M
 Heap Min Capacity: 100M
 Heap Initial Capacity: 100M
 Heap Max Capacity: 2G
 Pre-touch: Disabled
 Parallel Workers: 4
Heap:
 PSYoungGen      total 11264K, used 8092K [0x00000000d5580000, 0x00000000d6400000, 0x0000000100000000)
  eden space 10752K, 71% used [0x00000000d5580000,0x00000000d5cfdf98,0x00000000d6000000)
  from space 512K, 82% used [0x00000000d6300000,0x00000000d6369210,0x00000000d6380000)
  to   space 512K, 0% used [0x00000000d6380000,0x00000000d6380000,0x00000000d6400000)
 ParOldGen       total 1243136K, used 114411K [0x0000000080000000, 0x00000000cbe00000, 0x00000000d5580000)
  object space 1243136K, 9% used [0x0000000080000000,0x0000000086fbafe0,0x00000000cbe00000)
 Metaspace       used 81939K, committed 83648K, reserved 1179648K
  class space    used 8216K, committed 8960K, reserved 1048576K
GC Heap History (20 events):
Event: 4312.011 GC heap before
{Heap before GC invocations=1764 (full 6):
 PSYoungGen      total 11776K, used 10752K [0x00000000d5580000, 0x00000000d6500000, 0x0000000100000000)
  eden space 10752K, 100% used [0x00000000d5580000,0x00000000d6000000,0x00000000d6000000)
  from space 1024K, 0% used [0x00000000d6300000,0x00000000d6300000,0x00000000d6400000)
  to   space 1024K, 0% used [0x00000000d6400000,0x00000000d6400000,0x00000000d6500000)
 ParOldGen       total 1243136K, used 113079K [0x0000000080000000, 0x00000000cbe00000, 0x00000000d5580000)
  object space 1243136K, 9% used [0x0000000080000000,0x0000000086e6dc28,0x00000000cbe00000)
 Metaspace       used 81906K, committed 83584K, reserved 1179648K
  class space    used 8215K, committed 8960K, reserved 1048576K
}
Event: 4312.016 GC heap after
{Heap after GC invocations=1764 (full 6):
 PSYoungGen      total 11776K, used 1024K [0x00000000d5580000, 0x00000000d6500000, 0x0000000100000000)
  eden space 10752K, 0% used [0x00000000d5580000,0x00000000d5580000,0x00000000d6000000)
  from space 1024K, 100% used [0x00000000d6400000,0x00000000d6500000,0x00000000d6500000)
  to   space 1536K, 0% used [0x00000000d6200000,0x00000000d6200000,0x00000000d6380000)
 ParOldGen       total 1243136K, used 113235K [0x0000000080000000, 0x00000000cbe00000, 0x00000000d5580000)
  object space 1243136K, 9% used [0x0000000080000000,0x0000000086e94e28,0x00000000cbe00000)
 Metaspace       used 81906K, committed 83584K, reserved 1179648K
  class space    used 8215K, committed 8960K, reserved 1048576K
}
Event: 4312.133 GC heap before
{Heap before GC invocations=1765 (full 6):
 PSYoungGen      total 11776K, used 11776K [0x00000000d5580000, 0x00000000d6500000, 0x0000000100000000)
  eden space 10752K, 100% used [0x00000000d5580000,0x00000000d6000000,0x00000000d6000000)
  from space 1024K, 100% used [0x00000000d6400000,0x00000000d6500000,0x00000000d6500000)
  to   space 1536K, 0% used [0x00000000d6200000,0x00000000d6200000,0x00000000d6380000)
 ParOldGen       total 1243136K, used 113235K [0x0000000080000000, 0x00000000cbe00000, 0x00000000d5580000)
  object space 1243136K, 9% used [0x0000000080000000,0x0000000086e94e28,0x00000000cbe00000)
 Metaspace       used 81915K, committed 83648K, reserved 1179648K
  class space    used 8216K, committed 8960K, reserved 1048576K
}
Event: 4312.142 GC heap after
{Heap after GC invocations=1765 (full 6):
 PSYoungGen      total 12288K, used 1268K [0x00000000d5580000, 0x00000000d6480000, 0x0000000100000000)
  eden space 10752K, 0% used [0x00000000d5580000,0x00000000d5580000,0x00000000d6000000)
  from space 1536K, 82% used [0x00000000d6200000,0x00000000d633d200,0x00000000d6380000)
  to   space 1024K, 0% used [0x00000000d6380000,0x00000000d6380000,0x00000000d6480000)
 ParOldGen       total 1243136K, used 114248K [0x0000000080000000, 0x00000000cbe00000, 0x00000000d5580000)
  object space 1243136K, 9% used [0x0000000080000000,0x0000000086f920e0,0x00000000cbe00000)
 Metaspace       used 81915K, committed 83648K, reserved 1179648K
  class space    used 8216K, committed 8960K, reserved 1048576K
}
Event: 4312.284 GC heap before
{Heap before GC invocations=1766 (full 6):
 PSYoungGen      total 12288K, used 12020K [0x00000000d5580000, 0x00000000d6480000, 0x0000000100000000)
  eden space 10752K, 100% used [0x00000000d5580000,0x00000000d6000000,0x00000000d6000000)
  from space 1536K, 82% used [0x00000000d6200000,0x00000000d633d200,0x00000000d6380000)
  to   space 1024K, 0% used [0x00000000d6380000,0x00000000d6380000,0x00000000d6480000)
 ParOldGen       total 1243136K, used 114248K [0x0000000080000000, 0x00000000cbe00000, 0x00000000d5580000)
  object space 1243136K, 9% used [0x0000000080000000,0x0000000086f920e0,0x00000000cbe00000)
 Metaspace       used 81927K, committed 83648K, reserved 1179648K
  class space    used 8216K, committed 8960K, reserved 1048576K
}
Event: 4312.286 GC heap after
{Heap after GC invocations=1766 (full 6):
 PSYoungGen      total 11264K, used 64K [0x00000000d5580000, 0x00000000d6400000, 0x0000000100000000)
  eden space 10752K, 0% used [0x00000000d5580000,0x00000000d5580000,0x00000000d6000000)
  from space 512K, 12% used [0x00000000d6380000,0x00000000d6390000,0x00000000d6400000)
  to   space 512K, 0% used [0x00000000d6300000,0x00000000d6300000,0x00000000d6380000)
 ParOldGen       total 1243136K, used 114387K [0x0000000080000000, 0x00000000cbe00000, 0x00000000d5580000)
  object space 1243136K, 9% used [0x0000000080000000,0x0000000086fb4fe0,0x00000000cbe00000)
 Metaspace       used 81927K, committed 83648K, reserved 1179648K
  class space    used 8216K, committed 8960K, reserved 1048576K
}
Event: 4312.376 GC heap before
{Heap before GC invocations=1767 (full 6):
 PSYoungGen      total 11264K, used 10816K [0x00000000d5580000, 0x00000000d6400000, 0x0000000100000000)
  eden space 10752K, 100% used [0x00000000d5580000,0x00000000d6000000,0x00000000d6000000)
  from space 512K, 12% used [0x00000000d6380000,0x00000000d6390000,0x00000000d6400000)
  to   space 512K, 0% used [0x00000000d6300000,0x00000000d6300000,0x00000000d6380000)
 ParOldGen       total 1243136K, used 114387K [0x0000000080000000, 0x00000000cbe00000, 0x00000000d5580000)
  object space 1243136K, 9% used [0x0000000080000000,0x0000000086fb4fe0,0x00000000cbe00000)
 Metaspace       used 81930K, committed 83648K, reserved 1179648K
  class space    used 8216K, committed 8960K, reserved 1048576K
}
Event: 4312.379 GC heap after
{Heap after GC invocations=1767 (full 6):
 PSYoungGen      total 11264K, used 240K [0x00000000d5580000, 0x00000000d6400000, 0x0000000100000000)
  eden space 10752K, 0% used [0x00000000d5580000,0x00000000d5580000,0x00000000d6000000)
  from space 512K, 46% used [0x00000000d6300000,0x00000000d633c010,0x00000000d6380000)
  to   space 512K, 0% used [0x00000000d6380000,0x00000000d6380000,0x00000000d6400000)
 ParOldGen       total 1243136K, used 114403K [0x0000000080000000, 0x00000000cbe00000, 0x00000000d5580000)
  object space 1243136K, 9% used [0x0000000080000000,0x0000000086fb8fe0,0x00000000cbe00000)
 Metaspace       used 81930K, committed 83648K, reserved 1179648K
  class space    used 8216K, committed 8960K, reserved 1048576K
}
Event: 4312.495 GC heap before
{Heap before GC invocations=1768 (full 6):
 PSYoungGen      total 11264K, used 10992K [0x00000000d5580000, 0x00000000d6400000, 0x0000000100000000)
  eden space 10752K, 100% used [0x00000000d5580000,0x00000000d6000000,0x00000000d6000000)
  from space 512K, 46% used [0x00000000d6300000,0x00000000d633c010,0x00000000d6380000)
  to   space 512K, 0% used [0x00000000d6380000,0x00000000d6380000,0x00000000d6400000)
 ParOldGen       total 1243136K, used 114403K [0x0000000080000000, 0x00000000cbe00000, 0x00000000d5580000)
  object space 1243136K, 9% used [0x0000000080000000,0x0000000086fb8fe0,0x00000000cbe00000)
 Metaspace       used 81931K, committed 83648K, reserved 1179648K
  class space    used 8216K, committed 8960K, reserved 1048576K
}
Event: 4312.496 GC heap after
{Heap after GC invocations=1768 (full 6):
 PSYoungGen      total 11264K, used 176K [0x00000000d5580000, 0x00000000d6400000, 0x0000000100000000)
  eden space 10752K, 0% used [0x00000000d5580000,0x00000000d5580000,0x00000000d6000000)
  from space 512K, 34% used [0x00000000d6380000,0x00000000d63ac010,0x00000000d6400000)
  to   space 512K, 0% used [0x00000000d6300000,0x00000000d6300000,0x00000000d6380000)
 ParOldGen       total 1243136K, used 114403K [0x0000000080000000, 0x00000000cbe00000, 0x00000000d5580000)
  object space 1243136K, 9% used [0x0000000080000000,0x0000000086fb8fe0,0x00000000cbe00000)
 Metaspace       used 81931K, committed 83648K, reserved 1179648K
  class space    used 8216K, committed 8960K, reserved 1048576K
}
Event: 4312.709 GC heap before
{Heap before GC invocations=1769 (full 6):
 PSYoungGen      total 11264K, used 10928K [0x00000000d5580000, 0x00000000d6400000, 0x0000000100000000)
  eden space 10752K, 100% used [0x00000000d5580000,0x00000000d6000000,0x00000000d6000000)
  from space 512K, 34% used [0x00000000d6380000,0x00000000d63ac010,0x00000000d6400000)
  to   space 512K, 0% used [0x00000000d6300000,0x00000000d6300000,0x00000000d6380000)
 ParOldGen       total 1243136K, used 114403K [0x0000000080000000, 0x00000000cbe00000, 0x00000000d5580000)
  object space 1243136K, 9% used [0x0000000080000000,0x0000000086fb8fe0,0x00000000cbe00000)
 Metaspace       used 81931K, committed 83648K, reserved 1179648K
  class space    used 8216K, committed 8960K, reserved 1048576K
}
Event: 4312.710 GC heap after
{Heap after GC invocations=1769 (full 6):
 PSYoungGen      total 11264K, used 160K [0x00000000d5580000, 0x00000000d6400000, 0x0000000100000000)
  eden space 10752K, 0% used [0x00000000d5580000,0x00000000d5580000,0x00000000d6000000)
  from space 512K, 31% used [0x00000000d6300000,0x00000000d6328000,0x00000000d6380000)
  to   space 512K, 0% used [0x00000000d6380000,0x00000000d6380000,0x00000000d6400000)
 ParOldGen       total 1243136K, used 114403K [0x0000000080000000, 0x00000000cbe00000, 0x00000000d5580000)
  object space 1243136K, 9% used [0x0000000080000000,0x0000000086fb8fe0,0x00000000cbe00000)
 Metaspace       used 81931K, committed 83648K, reserved 1179648K
  class space    used 8216K, committed 8960K, reserved 1048576K
}
Event: 4312.828 GC heap before
{Heap before GC invocations=1770 (full 6):
 PSYoungGen      total 11264K, used 10912K [0x00000000d5580000, 0x00000000d6400000, 0x0000000100000000)
  eden space 10752K, 100% used [0x00000000d5580000,0x00000000d6000000,0x00000000d6000000)
  from space 512K, 31% used [0x00000000d6300000,0x00000000d6328000,0x00000000d6380000)
  to   space 512K, 0% used [0x00000000d6380000,0x00000000d6380000,0x00000000d6400000)
 ParOldGen       total 1243136K, used 114403K [0x0000000080000000, 0x00000000cbe00000, 0x00000000d5580000)
  object space 1243136K, 9% used [0x0000000080000000,0x0000000086fb8fe0,0x00000000cbe00000)
 Metaspace       used 81937K, committed 83648K, reserved 1179648K
  class space    used 8216K, committed 8960K, reserved 1048576K
}
Event: 4312.831 GC heap after
{Heap after GC invocations=1770 (full 6):
 PSYoungGen      total 11264K, used 180K [0x00000000d5580000, 0x00000000d6400000, 0x0000000100000000)
  eden space 10752K, 0% used [0x00000000d5580000,0x00000000d5580000,0x00000000d6000000)
  from space 512K, 35% used [0x00000000d6380000,0x00000000d63ad200,0x00000000d6400000)
  to   space 512K, 0% used [0x00000000d6300000,0x00000000d6300000,0x00000000d6380000)
 ParOldGen       total 1243136K, used 114403K [0x0000000080000000, 0x00000000cbe00000, 0x00000000d5580000)
  object space 1243136K, 9% used [0x0000000080000000,0x0000000086fb8fe0,0x00000000cbe00000)
 Metaspace       used 81937K, committed 83648K, reserved 1179648K
  class space    used 8216K, committed 8960K, reserved 1048576K
}
Event: 4312.918 GC heap before
{Heap before GC invocations=1771 (full 6):
 PSYoungGen      total 11264K, used 10932K [0x00000000d5580000, 0x00000000d6400000, 0x0000000100000000)
  eden space 10752K, 100% used [0x00000000d5580000,0x00000000d6000000,0x00000000d6000000)
  from space 512K, 35% used [0x00000000d6380000,0x00000000d63ad200,0x00000000d6400000)
  to   space 512K, 0% used [0x00000000d6300000,0x00000000d6300000,0x00000000d6380000)
 ParOldGen       total 1243136K, used 114403K [0x0000000080000000, 0x00000000cbe00000, 0x00000000d5580000)
  object space 1243136K, 9% used [0x0000000080000000,0x0000000086fb8fe0,0x00000000cbe00000)
 Metaspace       used 81937K, committed 83648K, reserved 1179648K
  class space    used 8216K, committed 8960K, reserved 1048576K
}
Event: 4312.919 GC heap after
{Heap after GC invocations=1771 (full 6):
 PSYoungGen      total 11264K, used 330K [0x00000000d5580000, 0x00000000d6400000, 0x0000000100000000)
  eden space 10752K, 0% used [0x00000000d5580000,0x00000000d5580000,0x00000000d6000000)
  from space 512K, 64% used [0x00000000d6300000,0x00000000d6352910,0x00000000d6380000)
  to   space 512K, 0% used [0x00000000d6380000,0x00000000d6380000,0x00000000d6400000)
 ParOldGen       total 1243136K, used 114403K [0x0000000080000000, 0x00000000cbe00000, 0x00000000d5580000)
  object space 1243136K, 9% used [0x0000000080000000,0x0000000086fb8fe0,0x00000000cbe00000)
 Metaspace       used 81937K, committed 83648K, reserved 1179648K
  class space    used 8216K, committed 8960K, reserved 1048576K
}
Event: 4313.022 GC heap before
{Heap before GC invocations=1772 (full 6):
 PSYoungGen      total 11264K, used 11082K [0x00000000d5580000, 0x00000000d6400000, 0x0000000100000000)
  eden space 10752K, 100% used [0x00000000d5580000,0x00000000d6000000,0x00000000d6000000)
  from space 512K, 64% used [0x00000000d6300000,0x00000000d6352910,0x00000000d6380000)
  to   space 512K, 0% used [0x00000000d6380000,0x00000000d6380000,0x00000000d6400000)
 ParOldGen       total 1243136K, used 114403K [0x0000000080000000, 0x00000000cbe00000, 0x00000000d5580000)
  object space 1243136K, 9% used [0x0000000080000000,0x0000000086fb8fe0,0x00000000cbe00000)
 Metaspace       used 81937K, committed 83648K, reserved 1179648K
  class space    used 8216K, committed 8960K, reserved 1048576K
}
Event: 4313.023 GC heap after
{Heap after GC invocations=1772 (full 6):
 PSYoungGen      total 11264K, used 436K [0x00000000d5580000, 0x00000000d6400000, 0x0000000100000000)
  eden space 10752K, 0% used [0x00000000d5580000,0x00000000d5580000,0x00000000d6000000)
  from space 512K, 85% used [0x00000000d6380000,0x00000000d63ed200,0x00000000d6400000)
  to   space 512K, 0% used [0x00000000d6300000,0x00000000d6300000,0x00000000d6380000)
 ParOldGen       total 1243136K, used 114411K [0x0000000080000000, 0x00000000cbe00000, 0x00000000d5580000)
  object space 1243136K, 9% used [0x0000000080000000,0x0000000086fbafe0,0x00000000cbe00000)
 Metaspace       used 81937K, committed 83648K, reserved 1179648K
  class space    used 8216K, committed 8960K, reserved 1048576K
}
Event: 4313.159 GC heap before
{Heap before GC invocations=1773 (full 6):
 PSYoungGen      total 11264K, used 11188K [0x00000000d5580000, 0x00000000d6400000, 0x0000000100000000)
  eden space 10752K, 100% used [0x00000000d5580000,0x00000000d6000000,0x00000000d6000000)
  from space 512K, 85% used [0x00000000d6380000,0x00000000d63ed200,0x00000000d6400000)
  to   space 512K, 0% used [0x00000000d6300000,0x00000000d6300000,0x00000000d6380000)
 ParOldGen       total 1243136K, used 114411K [0x0000000080000000, 0x00000000cbe00000, 0x00000000d5580000)
  object space 1243136K, 9% used [0x0000000080000000,0x0000000086fbafe0,0x00000000cbe00000)
 Metaspace       used 81937K, committed 83648K, reserved 1179648K
  class space    used 8216K, committed 8960K, reserved 1048576K
}
Event: 4313.161 GC heap after
{Heap after GC invocations=1773 (full 6):
 PSYoungGen      total 11264K, used 420K [0x00000000d5580000, 0x00000000d6400000, 0x0000000100000000)
  eden space 10752K, 0% used [0x00000000d5580000,0x00000000d5580000,0x00000000d6000000)
  from space 512K, 82% used [0x00000000d6300000,0x00000000d6369210,0x00000000d6380000)
  to   space 512K, 0% used [0x00000000d6380000,0x00000000d6380000,0x00000000d6400000)
 ParOldGen       total 1243136K, used 114411K [0x0000000080000000, 0x00000000cbe00000, 0x00000000d5580000)
  object space 1243136K, 9% used [0x0000000080000000,0x0000000086fbafe0,0x00000000cbe00000)
 Metaspace       used 81937K, committed 83648K, reserved 1179648K
  class space    used 8216K, committed 8960K, reserved 1048576K
}

