# JRE version: Java(TM) SE Runtime Environment (21.0.7+8) (build 21.0.7+8-LTS-245)
# Java VM: Java HotSpot(TM) 64-Bit Server VM (21.0.7+8-LTS-245, mixed mode, sharing, tiered, compressed oops, compressed class ptrs, g1 gc, windows-amd64)
GC Precious Log:
 CardTable entry size: 512
 Card Set container configuration: InlinePtr #cards 5 size 8 Array Of Cards #cards 12 size 40 Howl #buckets 4 coarsen threshold 1843 Howl Bitmap #cards 512 size 80 coarsen threshold 460 Card regions per heap region 1 cards per card region 2048
 CPUs: 4 total, 4 available
 Memory: 3857M
 Large Page Support: Disabled
 NUMA Support: Disabled
 Compressed Oops: Enabled (32-bit)
 Heap Region Size: 1M
 Heap Min Capacity: 8M
 Heap Initial Capacity: 62M
 Heap Max Capacity: 966M
 Pre-touch: Disabled
 Parallel Workers: 4
 Concurrent Workers: 1
 Concurrent Refinement Workers: 4
 Periodic GC: Disabled
Heap:
 garbage-first heap   total 55296K, used 19470K [0x00000000c3a00000, 0x0000000100000000)
  region size 1024K, 7 young (7168K), 3 survivors (3072K)
 Metaspace       used 26442K, committed 26880K, reserved 1114112K
  class space    used 3260K, committed 3456K, reserved 1048576K
GC Heap History (10 events):
Event: 4.438 GC heap before
{Heap before GC invocations=0 (full 0):
 garbage-first heap   total 63488K, used 15360K [0x00000000c3a00000, 0x0000000100000000)
  region size 1024K, 13 young (13312K), 0 survivors (0K)
 Metaspace       used 4420K, committed 4608K, reserved 1114112K
  class space    used 446K, committed 512K, reserved 1048576K
}
Event: 4.474 GC heap after
{Heap after GC invocations=1 (full 0):
 garbage-first heap   total 63488K, used 7464K [0x00000000c3a00000, 0x0000000100000000)
  region size 1024K, 2 young (2048K), 2 survivors (2048K)
 Metaspace       used 4420K, committed 4608K, reserved 1114112K
  class space    used 446K, committed 512K, reserved 1048576K
}
Event: 5.835 GC heap before
{Heap before GC invocations=1 (full 0):
 garbage-first heap   total 63488K, used 18728K [0x00000000c3a00000, 0x0000000100000000)
  region size 1024K, 13 young (13312K), 2 survivors (2048K)
 Metaspace       used 8783K, committed 9024K, reserved 1114112K
  class space    used 951K, committed 1088K, reserved 1048576K
}
Event: 5.844 GC heap after
{Heap after GC invocations=2 (full 0):
 garbage-first heap   total 63488K, used 9431K [0x00000000c3a00000, 0x0000000100000000)
  region size 1024K, 2 young (2048K), 2 survivors (2048K)
 Metaspace       used 8783K, committed 9024K, reserved 1114112K
  class space    used 951K, committed 1088K, reserved 1048576K
}
Event: 8.196 GC heap before
{Heap before GC invocations=2 (full 0):
 garbage-first heap   total 63488K, used 30935K [0x00000000c3a00000, 0x0000000100000000)
  region size 1024K, 24 young (24576K), 2 survivors (2048K)
 Metaspace       used 13480K, committed 13888K, reserved 1114112K
  class space    used 1572K, committed 1792K, reserved 1048576K
}
Event: 8.202 GC heap after
{Heap after GC invocations=3 (full 0):
 garbage-first heap   total 63488K, used 11308K [0x00000000c3a00000, 0x0000000100000000)
  region size 1024K, 2 young (2048K), 2 survivors (2048K)
 Metaspace       used 13480K, committed 13888K, reserved 1114112K
  class space    used 1572K, committed 1792K, reserved 1048576K
}
Event: 10.061 GC heap before
{Heap before GC invocations=3 (full 0):
 garbage-first heap   total 63488K, used 41004K [0x00000000c3a00000, 0x0000000100000000)
  region size 1024K, 33 young (33792K), 2 survivors (2048K)
 Metaspace       used 21095K, committed 21504K, reserved 1114112K
  class space    used 2637K, committed 2816K, reserved 1048576K
}
Event: 10.075 GC heap after
{Heap after GC invocations=4 (full 0):
 garbage-first heap   total 63488K, used 13876K [0x00000000c3a00000, 0x0000000100000000)
  region size 1024K, 5 young (5120K), 5 survivors (5120K)
 Metaspace       used 21095K, committed 21504K, reserved 1114112K
  class space    used 2637K, committed 2816K, reserved 1048576K
}
Event: 11.846 GC heap before
{Heap before GC invocations=5 (full 0):
 garbage-first heap   total 55296K, used 40500K [0x00000000c3a00000, 0x0000000100000000)
  region size 1024K, 32 young (32768K), 5 survivors (5120K)
 Metaspace       used 26114K, committed 26624K, reserved 1114112K
  class space    used 3219K, committed 3456K, reserved 1048576K
}
Event: 11.857 GC heap after
{Heap after GC invocations=6 (full 0):
 garbage-first heap   total 55296K, used 16398K [0x00000000c3a00000, 0x0000000100000000)
  region size 1024K, 3 young (3072K), 3 survivors (3072K)
 Metaspace       used 26114K, committed 26624K, reserved 1114112K
  class space    used 3219K, committed 3456K, reserved 1048576K
}

